Tue Jun 19 17:43:01 GMT+02:00 2001 AvalonLogSystem initialized using logfile c:\home\cgu\ASF\jakarta-log4j-1.1.3\build\velocity.log
Tue Jun 19 17:43:01 GMT+02:00 2001   [info]   [info] Default Properties File: org\apache\velocity\runtime\defaults\velocity.properties
Tue Jun 19 17:43:01 GMT+02:00 2001   [info] Resource Loader Instantiated: org.apache.velocity.runtime.resource.loader.FileResourceLoader
Tue Jun 19 17:43:01 GMT+02:00 2001   [info] FileResourceLoader : initialization starting.
Tue Jun 19 17:43:01 GMT+02:00 2001   [info] FileResourceLoader : adding path 'C:\home\cgu\ASF\jakarta-site2\xdocs\stylesheets'
Tue Jun 19 17:43:01 GMT+02:00 2001   [info] FileResourceLoader : initialization complete.
Tue Jun 19 17:43:01 GMT+02:00 2001   [info] Loaded Pluggable Directive: org.apache.velocity.runtime.directive.Literal
Tue Jun 19 17:43:01 GMT+02:00 2001   [info] Loaded Pluggable Directive: org.apache.velocity.runtime.directive.Macro
Tue Jun 19 17:43:01 GMT+02:00 2001   [info] Loaded Pluggable Directive: org.apache.velocity.runtime.directive.Parse
Tue Jun 19 17:43:01 GMT+02:00 2001   [info] Loaded Pluggable Directive: org.apache.velocity.runtime.directive.Include
Tue Jun 19 17:43:01 GMT+02:00 2001   [info] Loaded Pluggable Directive: org.apache.velocity.runtime.directive.Foreach
Tue Jun 19 17:43:01 GMT+02:00 2001   [info] Created: 20 parsers.
Tue Jun 19 17:43:01 GMT+02:00 2001   [info] Velocimacro : initialization starting.
Tue Jun 19 17:43:01 GMT+02:00 2001   [info] Velocimacro : adding VMs from VM library template : VM_global_library.vm
Tue Jun 19 17:43:01 GMT+02:00 2001  [error] ResourceManager : unable to find resource 'VM_global_library.vm' in any resource loader.
Tue Jun 19 17:43:01 GMT+02:00 2001   [info] Velocimacro : error using  VM library template VM_global_library.vm : org.apache.velocity.exception.ResourceNotFoundException: Unable to find resource 'VM_global_library.vm'
Tue Jun 19 17:43:01 GMT+02:00 2001   [info] Velocimacro : allowInline = true : VMs can be defined inline in templates
Tue Jun 19 17:43:01 GMT+02:00 2001   [info] Velocimacro : allowInlineToOverride = false : VMs defined inline may NOT replace previous VM definitions
Tue Jun 19 17:43:01 GMT+02:00 2001   [info] Velocimacro : allowInlineLocal = false : VMs defined inline will be  global in scope if allowed.
Tue Jun 19 17:43:01 GMT+02:00 2001   [info] Velocimacro : messages on  : VM system will output logging messages
Tue Jun 19 17:43:01 GMT+02:00 2001   [info] Velocimacro : initialization complete.
Tue Jun 19 17:43:01 GMT+02:00 2001   [info] Velocity successfully started.
Tue Jun 19 17:43:01 GMT+02:00 2001   [info] Velocimacro : added new VM : #table( table ) : source = site.vsl
Tue Jun 19 17:43:01 GMT+02:00 2001   [info] Velocimacro : added new VM : #tr( tr ) : source = site.vsl
Tue Jun 19 17:43:01 GMT+02:00 2001   [info] Velocimacro : added new VM : #td( value ) : source = site.vsl
Tue Jun 19 17:43:01 GMT+02:00 2001   [info] Velocimacro : added new VM : #th( value ) : source = site.vsl
Tue Jun 19 17:43:01 GMT+02:00 2001   [info] Velocimacro : added new VM : #projectanchor( name value ) : source = site.vsl
Tue Jun 19 17:43:01 GMT+02:00 2001   [info] Velocimacro : added new VM : #metaauthor( author email ) : source = site.vsl
Tue Jun 19 17:43:01 GMT+02:00 2001   [info] Velocimacro : added new VM : #image( value ) : source = site.vsl
Tue Jun 19 17:43:01 GMT+02:00 2001   [info] Velocimacro : added new VM : #source( value ) : source = site.vsl
Tue Jun 19 17:43:01 GMT+02:00 2001   [info] Velocimacro : added new VM : #subsection( subsection ) : source = site.vsl
Tue Jun 19 17:43:01 GMT+02:00 2001   [info] Velocimacro : added new VM : #section( section ) : source = site.vsl
Tue Jun 19 17:43:01 GMT+02:00 2001   [info] Velocimacro : added new VM : #makeProject( ) : source = site.vsl
Tue Jun 19 17:43:01 GMT+02:00 2001   [info] Velocimacro : added new VM : #getProjectImage( ) : source = site.vsl
Tue Jun 19 17:43:01 GMT+02:00 2001   [info] Velocimacro : added new VM : #document( ) : source = site.vsl
Tue Jun 19 17:43:01 GMT+02:00 2001   [info] ResourceManager : found site.vsl with loader org.apache.velocity.runtime.resource.loader.FileResourceLoader
Tue Jun 19 17:43:02 GMT+02:00 2001   [info] XPathTool::XPathTool()
Tue Jun 19 17:43:02 GMT+02:00 2001   [warn] Velocimacro : VM addition rejected : table : inline not allowed to replace existing VM
Tue Jun 19 17:43:02 GMT+02:00 2001   [warn] Velocimacro : VM addition rejected : tr : inline not allowed to replace existing VM
Tue Jun 19 17:43:02 GMT+02:00 2001   [warn] Velocimacro : VM addition rejected : td : inline not allowed to replace existing VM
Tue Jun 19 17:43:02 GMT+02:00 2001   [warn] Velocimacro : VM addition rejected : th : inline not allowed to replace existing VM
Tue Jun 19 17:43:02 GMT+02:00 2001   [warn] Velocimacro : VM addition rejected : projectanchor : inline not allowed to replace existing VM
Tue Jun 19 17:43:02 GMT+02:00 2001   [warn] Velocimacro : VM addition rejected : metaauthor : inline not allowed to replace existing VM
Tue Jun 19 17:43:02 GMT+02:00 2001   [warn] Velocimacro : VM addition rejected : image : inline not allowed to replace existing VM
Tue Jun 19 17:43:02 GMT+02:00 2001   [warn] Velocimacro : VM addition rejected : source : inline not allowed to replace existing VM
Tue Jun 19 17:43:02 GMT+02:00 2001   [warn] Velocimacro : VM addition rejected : subsection : inline not allowed to replace existing VM
Tue Jun 19 17:43:02 GMT+02:00 2001   [warn] Velocimacro : VM addition rejected : section : inline not allowed to replace existing VM
Tue Jun 19 17:43:02 GMT+02:00 2001   [warn] Velocimacro : VM addition rejected : makeProject : inline not allowed to replace existing VM
Tue Jun 19 17:43:02 GMT+02:00 2001   [warn] Velocimacro : VM addition rejected : getProjectImage : inline not allowed to replace existing VM
Tue Jun 19 17:43:02 GMT+02:00 2001   [warn] Velocimacro : VM addition rejected : document : inline not allowed to replace existing VM
Tue Jun 19 17:43:02 GMT+02:00 2001   [info] ResourceManager : found site.vsl with loader org.apache.velocity.runtime.resource.loader.FileResourceLoader
